<?xml version="1.0" encoding="UTF-8"?>
<!-- Generated by org.testng.reporters.JUnitReportReporter -->
<testsuite skipped="0" hostname="Mohammeds-MBP" name="steps.stepsDefinition" tests="1" failures="0" timestamp="2020-09-21T16:46:18 EET" time="3.368" errors="0">
  <testcase name="clickOnDressSummer" time="3.368" classname="steps.stepsDefinition"/>
  <system-out/>
</testsuite> <!-- steps.stepsDefinition -->
