<?xml version="1.0" encoding="UTF-8"?>
<!-- Generated by org.testng.reporters.JUnitReportReporter -->
<testsuite skipped="0" hostname="Mohammeds-MacBook-Pro.local" name="runner.TestRunner" tests="1" failures="0" timestamp="2020-09-22T20:15:33 EET" time="27.198" errors="0">
  <testcase name="runScenario" time="27.198" classname="runner.TestRunner"/>
  <system-out/>
</testsuite> <!-- runner.TestRunner -->
